<?xml version="1.0" encoding="UTF-8"?>
<!DOCTYPE coverage SYSTEM "http://cobertura.sourceforge.net/xml/coverage-04.dtd">
<coverage line-rate="1" branch-rate="0" version="" timestamp="1766270408883" lines-covered="50" lines-valid="50" branches-covered="0" branches-valid="0" complexity="0">
	<sources>
		<source>/usr/lib/golang/src</source>
	</sources>
	<packages>
		<package name="github.com/Danielcard99/fc2-sonarcloud" line-rate="1" branch-rate="0" complexity="0">
			<classes>
				<class name="-" filename="github.com/Danielcard99/fc2-sonarcloud/sum.go" line-rate="1" branch-rate="0" complexity="0">
					<methods>
						<method name="sum" signature="" line-rate="1" branch-rate="0" complexity="0">
							<lines>
								<line number="5" hits="1"></line>
								<line number="6" hits="1"></line>
								<line number="7" hits="1"></line>
							</lines>
						</method>
						<method name="sub" signature="" line-rate="1" branch-rate="0" complexity="0">
							<lines>
								<line number="9" hits="1"></line>
								<line number="10" hits="1"></line>
								<line number="11" hits="1"></line>
							</lines>
						</method>
						<method name="div" signature="" line-rate="1" branch-rate="0" complexity="0">
							<lines>
								<line number="13" hits="1"></line>
								<line number="14" hits="1"></line>
								<line number="15" hits="1"></line>
								<line number="16" hits="1"></line>
								<line number="17" hits="1"></line>
							</lines>
						</method>
						<method name="mod" signature="" line-rate="1" branch-rate="0" complexity="0">
							<lines>
								<line number="20" hits="1"></line>
								<line number="21" hits="1"></line>
								<line number="22" hits="1"></line>
								<line number="23" hits="1"></line>
								<line number="24" hits="1"></line>
							</lines>
						</method>
						<method name="pow" signature="" line-rate="1" branch-rate="0" complexity="0">
							<lines>
								<line number="27" hits="1"></line>
								<line number="28" hits="1"></line>
								<line number="29" hits="1"></line>
							</lines>
						</method>
						<method name="sqrt" signature="" line-rate="1" branch-rate="0" complexity="0">
							<lines>
								<line number="31" hits="1"></line>
								<line number="32" hits="1"></line>
								<line number="33" hits="1"></line>
							</lines>
						</method>
						<method name="cube" signature="" line-rate="1" branch-rate="0" complexity="0">
							<lines>
								<line number="35" hits="1"></line>
								<line number="36" hits="1"></line>
								<line number="37" hits="1"></line>
							</lines>
						</method>
						<method name="square" signature="" line-rate="1" branch-rate="0" complexity="0">
							<lines>
								<line number="39" hits="1"></line>
								<line number="40" hits="1"></line>
								<line number="41" hits="1"></line>
							</lines>
						</method>
						<method name="Add" signature="" line-rate="1" branch-rate="0" complexity="0">
							<lines>
								<line number="43" hits="1"></line>
								<line number="44" hits="1"></line>
								<line number="45" hits="1"></line>
							</lines>
						</method>
						<method name="Sub" signature="" line-rate="1" branch-rate="0" complexity="0">
							<lines>
								<line number="47" hits="1"></line>
								<line number="48" hits="1"></line>
								<line number="49" hits="1"></line>
							</lines>
						</method>
						<method name="Mul" signature="" line-rate="1" branch-rate="0" complexity="0">
							<lines>
								<line number="51" hits="1"></line>
								<line number="52" hits="1"></line>
								<line number="53" hits="1"></line>
							</lines>
						</method>
						<method name="Div" signature="" line-rate="1" branch-rate="0" complexity="0">
							<lines>
								<line number="55" hits="1"></line>
								<line number="56" hits="1"></line>
								<line number="57" hits="1"></line>
								<line number="58" hits="1"></line>
								<line number="59" hits="1"></line>
							</lines>
						</method>
						<method name="IsEven" signature="" line-rate="1" branch-rate="0" complexity="0">
							<lines>
								<line number="62" hits="1"></line>
								<line number="63" hits="1"></line>
								<line number="64" hits="1"></line>
							</lines>
						</method>
						<method name="Max" signature="" line-rate="1" branch-rate="0" complexity="0">
							<lines>
								<line number="66" hits="1"></line>
								<line number="67" hits="1"></line>
								<line number="68" hits="1"></line>
								<line number="69" hits="1"></line>
								<line number="70" hits="1"></line>
							</lines>
						</method>
					</methods>
					<lines>
						<line number="5" hits="1"></line>
						<line number="6" hits="1"></line>
						<line number="7" hits="1"></line>
						<line number="9" hits="1"></line>
						<line number="10" hits="1"></line>
						<line number="11" hits="1"></line>
						<line number="13" hits="1"></line>
						<line number="14" hits="1"></line>
						<line number="15" hits="1"></line>
						<line number="16" hits="1"></line>
						<line number="17" hits="1"></line>
						<line number="20" hits="1"></line>
						<line number="21" hits="1"></line>
						<line number="22" hits="1"></line>
						<line number="23" hits="1"></line>
						<line number="24" hits="1"></line>
						<line number="27" hits="1"></line>
						<line number="28" hits="1"></line>
						<line number="29" hits="1"></line>
						<line number="31" hits="1"></line>
						<line number="32" hits="1"></line>
						<line number="33" hits="1"></line>
						<line number="35" hits="1"></line>
						<line number="36" hits="1"></line>
						<line number="37" hits="1"></line>
						<line number="39" hits="1"></line>
						<line number="40" hits="1"></line>
						<line number="41" hits="1"></line>
						<line number="43" hits="1"></line>
						<line number="44" hits="1"></line>
						<line number="45" hits="1"></line>
						<line number="47" hits="1"></line>
						<line number="48" hits="1"></line>
						<line number="49" hits="1"></line>
						<line number="51" hits="1"></line>
						<line number="52" hits="1"></line>
						<line number="53" hits="1"></line>
						<line number="55" hits="1"></line>
						<line number="56" hits="1"></line>
						<line number="57" hits="1"></line>
						<line number="58" hits="1"></line>
						<line number="59" hits="1"></line>
						<line number="62" hits="1"></line>
						<line number="63" hits="1"></line>
						<line number="64" hits="1"></line>
						<line number="66" hits="1"></line>
						<line number="67" hits="1"></line>
						<line number="68" hits="1"></line>
						<line number="69" hits="1"></line>
						<line number="70" hits="1"></line>
					</lines>
				</class>
			</classes>
		</package>
	</packages>
</coverage>
